\BOOKMARK [1][-]{section.1}{\376\377\000I\000n\000t\000r\000o\000d\000u\000c\000t\000i\000o\000n}{}% 1
\BOOKMARK [2][-]{subsection.1.1}{\376\377\000D\000e\000s\000i\000g\000n\000\040\000P\000r\000i\000n\000c\000i\000p\000l\000e\000s}{section.1}% 2
\BOOKMARK [1][-]{section.2}{\376\377\000R\000e\000l\000a\000t\000e\000d\000\040\000W\000o\000r\000k}{}% 3
\BOOKMARK [2][-]{subsection.2.1}{\376\377\000M\000e\000m\000o\000r\000y\000-\000A\000u\000g\000m\000e\000n\000t\000e\000d\000\040\000L\000a\000n\000g\000u\000a\000g\000e\000\040\000M\000o\000d\000e\000l\000s}{section.2}% 4
\BOOKMARK [2][-]{subsection.2.2}{\376\377\000A\000u\000t\000o\000n\000o\000m\000o\000u\000s\000\040\000a\000n\000d\000\040\000L\000i\000f\000e\000l\000o\000n\000g\000\040\000A\000g\000e\000n\000t\000s}{section.2}% 5
\BOOKMARK [2][-]{subsection.2.3}{\376\377\000C\000o\000n\000t\000i\000n\000u\000a\000l\000\040\000L\000e\000a\000r\000n\000i\000n\000g\000\040\000a\000n\000d\000\040\000F\000o\000r\000g\000e\000t\000t\000i\000n\000g}{section.2}% 6
\BOOKMARK [2][-]{subsection.2.4}{\376\377\000N\000e\000u\000r\000o\000s\000c\000i\000e\000n\000t\000i\000f\000i\000c\000\040\000F\000o\000u\000n\000d\000a\000t\000i\000o\000n\000s}{section.2}% 7
\BOOKMARK [1][-]{section.3}{\376\377\000S\000y\000s\000t\000e\000m\000\040\000A\000r\000c\000h\000i\000t\000e\000c\000t\000u\000r\000e}{}% 8
\BOOKMARK [2][-]{subsection.3.1}{\376\377\000D\000a\000t\000a\000\040\000M\000o\000d\000e\000l}{section.3}% 9
\BOOKMARK [2][-]{subsection.3.2}{\376\377\000D\000e\000p\000l\000o\000y\000m\000e\000n\000t\000\040\000T\000i\000e\000r\000s}{section.3}% 10
\BOOKMARK [1][-]{section.4}{\376\377\000P\000h\000a\000s\000e\000\040\0001\000:\000\040\000S\000e\000l\000e\000c\000t\000i\000v\000e\000\040\000E\000n\000c\000o\000d\000i\000n\000g}{}% 11
\BOOKMARK [2][-]{subsection.4.1}{\376\377\000A\000t\000t\000e\000n\000t\000i\000o\000n\000G\000a\000t\000e}{section.4}% 12
\BOOKMARK [3][-]{subsubsection.4.1.1}{\376\377\000S\000a\000l\000i\000e\000n\000c\000e\000\040\000M\000o\000d\000e\000l}{subsection.4.1}% 13
\BOOKMARK [3][-]{subsubsection.4.1.2}{\376\377\000G\000r\000a\000s\000p\000\040\000S\000c\000o\000r\000e}{subsection.4.1}% 14
\BOOKMARK [2][-]{subsection.4.2}{\376\377\000I\000n\000t\000e\000g\000r\000a\000t\000i\000o\000n\000\040\000w\000i\000t\000h\000\040\000t\000h\000e\000\040\000E\000n\000c\000o\000d\000i\000n\000g\000\040\000P\000i\000p\000e\000l\000i\000n\000e}{section.4}% 15
\BOOKMARK [1][-]{section.5}{\376\377\000P\000h\000a\000s\000e\000\040\0002\000:\000\040\000E\000v\000e\000n\000t\000\040\000S\000t\000r\000u\000c\000t\000u\000r\000i\000n\000g\000\040\000a\000n\000d\000\040\000A\000s\000s\000o\000c\000i\000a\000t\000i\000v\000e\000\040\000B\000i\000n\000d\000i\000n\000g}{}% 16
\BOOKMARK [2][-]{subsection.5.1}{\376\377\000E\000v\000e\000n\000t\000\040\000C\000o\000m\000p\000i\000l\000e\000r}{section.5}% 17
\BOOKMARK [2][-]{subsection.5.2}{\376\377\000A\000s\000s\000o\000c\000i\000a\000t\000i\000o\000n\000\040\000B\000i\000n\000d\000e\000r}{section.5}% 18
\BOOKMARK [3][-]{subsubsection.5.2.1}{\376\377\000I\000n\000t\000r\000a\000-\000E\000v\000e\000n\000t\000\040\000B\000i\000n\000d\000i\000n\000g}{subsection.5.2}% 19
\BOOKMARK [3][-]{subsubsection.5.2.2}{\376\377\000E\000v\000e\000n\000t\000-\000t\000o\000-\000A\000n\000c\000h\000o\000r\000\040\000B\000i\000n\000d\000i\000n\000g}{subsection.5.2}% 20
\BOOKMARK [3][-]{subsubsection.5.2.3}{\376\377\000E\000d\000g\000e\000\040\000M\000a\000n\000a\000g\000e\000m\000e\000n\000t}{subsection.5.2}% 21
\BOOKMARK [2][-]{subsection.5.3}{\376\377\000P\000r\000e\000d\000i\000c\000a\000t\000e\000\040\000I\000n\000f\000e\000r\000e\000n\000c\000e}{section.5}% 22
\BOOKMARK [1][-]{section.6}{\376\377\000P\000h\000a\000s\000e\000\040\0003\000:\000\040\000A\000s\000s\000o\000c\000i\000a\000t\000i\000v\000e\000\040\000R\000e\000t\000r\000i\000e\000v\000a\000l}{}% 23
\BOOKMARK [2][-]{subsection.6.1}{\376\377\000S\000p\000r\000e\000a\000d\000i\000n\000g\000\040\000A\000c\000t\000i\000v\000a\000t\000i\000o\000n\000\040\000R\000e\000t\000r\000i\000e\000v\000e\000r}{section.6}% 24
\BOOKMARK [2][-]{subsection.6.2}{\376\377\000H\000y\000p\000o\000t\000h\000e\000s\000i\000s\000\040\000R\000a\000n\000k\000e\000r}{section.6}% 25
\BOOKMARK [1][-]{section.7}{\376\377\000P\000h\000a\000s\000e\000\040\0004\000:\000\040\000D\000u\000a\000l\000-\000M\000o\000d\000e\000\040\000S\000l\000e\000e\000p\000\040\000K\000e\000r\000n\000e\000l}{}% 26
\BOOKMARK [2][-]{subsection.7.1}{\376\377\000S\000l\000e\000e\000p\000\040\000T\000r\000i\000g\000g\000e\000r}{section.7}% 27
\BOOKMARK [2][-]{subsection.7.2}{\376\377\000M\000i\000c\000r\000o\000S\000l\000e\000e\000p}{section.7}% 28
\BOOKMARK [2][-]{subsection.7.3}{\376\377\000D\000e\000e\000p\000S\000l\000e\000e\000p}{section.7}% 29
\BOOKMARK [1][-]{section.8}{\376\377\000P\000h\000a\000s\000e\000\040\0005\000:\000\040\000F\000o\000r\000g\000e\000t\000t\000i\000n\000g\000\040\000D\000y\000n\000a\000m\000i\000c\000s\000\040\000a\000n\000d\000\040\000C\000o\000n\000t\000r\000a\000d\000i\000c\000t\000i\000o\000n\000\040\000V\000e\000r\000s\000i\000o\000n\000i\000n\000g}{}% 30
\BOOKMARK [2][-]{subsection.8.1}{\376\377\000F\000o\000r\000g\000e\000t\000t\000i\000n\000g\000D\000y\000n\000a\000m\000i\000c\000s}{section.8}% 31
\BOOKMARK [3][-]{subsubsection.8.1.1}{\376\377\000R\000e\000t\000e\000n\000t\000i\000o\000n\000\040\000S\000c\000o\000r\000i\000n\000g}{subsection.8.1}% 32
\BOOKMARK [3][-]{subsubsection.8.1.2}{\376\377\000T\000r\000a\000c\000e\000-\000S\000p\000e\000c\000i\000f\000i\000c\000\040\000D\000e\000c\000a\000y}{subsection.8.1}% 33
\BOOKMARK [3][-]{subsubsection.8.1.3}{\376\377\000S\000t\000a\000t\000e\000\040\000T\000r\000a\000n\000s\000i\000t\000i\000o\000n\000s}{subsection.8.1}% 34
\BOOKMARK [2][-]{subsection.8.2}{\376\377\000C\000o\000n\000t\000r\000a\000d\000i\000c\000t\000i\000o\000n\000\040\000V\000e\000r\000s\000i\000o\000n\000i\000n\000g}{section.8}% 35
\BOOKMARK [2][-]{subsection.8.3}{\376\377\000F\000o\000r\000g\000e\000t\000t\000i\000n\000g\000\040\000D\000y\000n\000a\000m\000i\000c\000s\000\040\000I\000n\000t\000e\000g\000r\000a\000t\000i\000o\000n\000\040\000w\000i\000t\000h\000\040\000S\000l\000e\000e\000p}{section.8}% 36
\BOOKMARK [1][-]{section.9}{\376\377\000P\000h\000a\000s\000e\000\040\0007\000:\000\040\000A\000u\000t\000o\000n\000o\000m\000o\000u\000s\000\040\000I\000d\000l\000e\000-\000T\000i\000m\000e\000\040\000L\000e\000a\000r\000n\000i\000n\000g}{}% 37
\BOOKMARK [2][-]{subsection.9.1}{\376\377\000M\0001\000:\000\040\000I\000d\000l\000e\000-\000A\000w\000a\000r\000e\000\040\000B\000a\000c\000k\000g\000r\000o\000u\000n\000d\000\040\000D\000a\000e\000m\000o\000n}{section.9}% 38
\BOOKMARK [2][-]{subsection.9.2}{\376\377\000M\0002\000:\000\040\000C\000r\000o\000s\000s\000-\000S\000e\000s\000s\000i\000o\000n\000\040\000M\000e\000m\000o\000r\000y\000\040\000P\000o\000o\000l}{section.9}% 39
\BOOKMARK [2][-]{subsection.9.3}{\376\377\000M\0003\000:\000\040\000S\000c\000h\000e\000m\000a\000\040\000E\000x\000t\000r\000a\000c\000t\000i\000o\000n\000\040\000i\000n\000\040\000R\000E\000M}{section.9}% 40
\BOOKMARK [2][-]{subsection.9.4}{\376\377\000M\0004\000:\000\040\000W\000a\000k\000e\000-\000U\000p\000\040\000S\000u\000m\000m\000a\000r\000y}{section.9}% 41
\BOOKMARK [2][-]{subsection.9.5}{\376\377\000M\0005\000:\000\040\000C\000u\000r\000i\000o\000s\000i\000t\000y\000\040\000E\000n\000g\000i\000n\000e}{section.9}% 42
\BOOKMARK [2][-]{subsection.9.6}{\376\377\000M\0006\000:\000\040\000L\000i\000f\000e\000c\000y\000c\000l\000e\000\040\000P\000o\000l\000i\000c\000y}{section.9}% 43
\BOOKMARK [2][-]{subsection.9.7}{\376\377\000D\000e\000-\000H\000a\000r\000d\000c\000o\000d\000i\000n\000g\000\040\000v\000i\000a\000\040\000L\000i\000n\000g\000u\000i\000s\000t\000i\000c\000R\000e\000s\000o\000u\000r\000c\000e\000s}{section.9}% 44
\BOOKMARK [2][-]{subsection.9.8}{\376\377\000T\000e\000m\000p\000o\000r\000a\000l\000\040\000S\000t\000r\000u\000c\000t\000u\000r\000e}{section.9}% 45
\BOOKMARK [1][-]{section.10}{\376\377\000I\000m\000p\000l\000e\000m\000e\000n\000t\000a\000t\000i\000o\000n\000\040\000a\000n\000d\000\040\000I\000n\000f\000r\000a\000s\000t\000r\000u\000c\000t\000u\000r\000e}{}% 46
\BOOKMARK [2][-]{subsection.10.1}{\376\377\000P\000e\000r\000s\000i\000s\000t\000e\000n\000c\000e\000\040\000A\000r\000c\000h\000i\000t\000e\000c\000t\000u\000r\000e}{section.10}% 47
\BOOKMARK [2][-]{subsection.10.2}{\376\377\000A\000P\000I\000\040\000S\000u\000r\000f\000a\000c\000e}{section.10}% 48
\BOOKMARK [2][-]{subsection.10.3}{\376\377\000D\000e\000t\000e\000r\000m\000i\000n\000i\000s\000t\000i\000c\000\040\000D\000e\000m\000o\000\040\000a\000n\000d\000\040\000S\000m\000o\000k\000e\000\040\000T\000e\000s\000t\000i\000n\000g}{section.10}% 49
\BOOKMARK [1][-]{section.11}{\376\377\000E\000v\000a\000l\000u\000a\000t\000i\000o\000n}{}% 50
\BOOKMARK [2][-]{subsection.11.1}{\376\377\000C\000o\000m\000p\000o\000n\000e\000n\000t\000-\000L\000e\000v\000e\000l\000\040\000P\000e\000r\000f\000o\000r\000m\000a\000n\000c\000e}{section.11}% 51
\BOOKMARK [2][-]{subsection.11.2}{\376\377\000S\000l\000e\000e\000p\000\040\000G\000a\000i\000n}{section.11}% 52
\BOOKMARK [2][-]{subsection.11.3}{\376\377\000B\000a\000s\000e\000l\000i\000n\000e\000\040\000S\000t\000r\000e\000s\000s\000\040\000C\000o\000m\000p\000a\000r\000i\000s\000o\000n}{section.11}% 53
\BOOKMARK [2][-]{subsection.11.4}{\376\377\000L\000o\000n\000g\000-\000H\000o\000r\000i\000z\000o\000n\000\040\000B\000e\000h\000a\000v\000i\000o\000r}{section.11}% 54
\BOOKMARK [2][-]{subsection.11.5}{\376\377\000P\000h\000a\000s\000e\000\040\0006\000\040\000H\000u\000m\000a\000n\000-\000M\000e\000m\000o\000r\000y\000\040\000S\000u\000i\000t\000e}{section.11}% 55
\BOOKMARK [2][-]{subsection.11.6}{\376\377\000R\000e\000g\000r\000e\000s\000s\000i\000o\000n\000\040\000S\000a\000f\000e\000t\000y}{section.11}% 56
\BOOKMARK [2][-]{subsection.11.7}{\376\377\000L\000o\000C\000o\000M\000o\000:\000\040\000E\000x\000t\000e\000r\000n\000a\000l\000\040\000L\000o\000n\000g\000-\000C\000o\000n\000v\000e\000r\000s\000a\000t\000i\000o\000n\000\040\000M\000e\000m\000o\000r\000y\000\040\000B\000e\000n\000c\000h\000m\000a\000r\000k}{section.11}% 57
\BOOKMARK [2][-]{subsection.11.8}{\376\377\000L\000o\000C\000o\000M\000o\000+\000+\000:\000\040\000M\000e\000m\000o\000r\000y\000\040\000W\000o\000r\000k\000l\000o\000a\000d\000\040\000S\000e\000n\000s\000i\000t\000i\000v\000i\000t\000y}{section.11}% 58
\BOOKMARK [2][-]{subsection.11.9}{\376\377\000P\000h\000a\000s\000e\000\040\0006\000\040\000A\000r\000c\000h\000i\000t\000e\000c\000t\000u\000r\000e\000\040\000F\000i\000x\000e\000s}{section.11}% 59
\BOOKMARK [2][-]{subsection.11.10}{\376\377\000B\000r\000u\000t\000a\000l\000\040\000T\000e\000s\000t\000i\000n\000g\000:\000\040\000P\000e\000r\000s\000o\000n\000a\000-\000D\000r\000i\000v\000e\000n\000\040\000M\000u\000l\000t\000i\000-\000D\000a\000y\000\040\000S\000i\000m\000u\000l\000a\000t\000i\000o\000n}{section.11}% 60
\BOOKMARK [2][-]{subsection.11.11}{\376\377\000B\000u\000g\000\040\000D\000i\000s\000c\000o\000v\000e\000r\000y\000\040\000v\000i\000a\000\040\000t\000h\000e\000\040\000B\000r\000u\000t\000a\000l\000\040\000H\000a\000r\000n\000e\000s\000s}{section.11}% 61
\BOOKMARK [2][-]{subsection.11.12}{\376\377\000R\000e\000a\000l\000-\000L\000L\000M\000\040\000V\000a\000l\000i\000d\000a\000t\000i\000o\000n}{section.11}% 62
\BOOKMARK [1][-]{section.12}{\376\377\000D\000i\000s\000c\000u\000s\000s\000i\000o\000n}{}% 63
\BOOKMARK [1][-]{section.13}{\376\377\000L\000i\000m\000i\000t\000a\000t\000i\000o\000n\000s}{}% 64
\BOOKMARK [1][-]{section.14}{\376\377\000C\000o\000n\000c\000l\000u\000s\000i\000o\000n}{}% 65
